0 info it worked if it ends with ok
1 verbose cli [ 'C:\\Program Files (x86)\\Microsoft Visual Studio\\2017\\Professional\\Web\\External\\Node.exe',
1 verbose cli   'C:\\Program Files (x86)\\Microsoft Visual Studio\\2017\\Professional\\Web\\External\\node_modules\\npm\\bin\\npm-cli.js',
1 verbose cli   'install' ]
2 info using npm@3.3.4
3 info using node@v5.4.1
4 silly loadCurrentTree Starting
5 silly install loadCurrentTree
6 silly install readLocalPackageData
7 silly install normalizeTree
8 silly loadCurrentTree Finishing
9 silly loadIdealTree Starting
10 silly install loadIdealTree
11 silly cloneCurrentTree Starting
12 silly install cloneCurrentTreeToIdealTree
13 silly cloneCurrentTree Finishing
14 silly loadShrinkwrap Starting
15 silly install loadShrinkwrap
16 silly loadShrinkwrap Finishing
17 silly loadAllDepsIntoIdealTree Starting
18 silly install loadAllDepsIntoIdealTree
19 silly fetchNamedPackageData com.unity.postprocessing
20 silly mapToRegistry name com.unity.postprocessing
21 silly mapToRegistry using default registry
22 silly mapToRegistry registry https://registry.npmjs.org/
23 silly mapToRegistry uri https://registry.npmjs.org/com.unity.postprocessing
24 silly fetchNamedPackageData com.unity.render-pipelines.core
25 silly mapToRegistry name com.unity.render-pipelines.core
26 silly mapToRegistry using default registry
27 silly mapToRegistry registry https://registry.npmjs.org/
28 silly mapToRegistry uri https://registry.npmjs.org/com.unity.render-pipelines.core
29 silly fetchNamedPackageData com.unity.shadergraph
30 silly mapToRegistry name com.unity.shadergraph
31 silly mapToRegistry using default registry
32 silly mapToRegistry registry https://registry.npmjs.org/
33 silly mapToRegistry uri https://registry.npmjs.org/com.unity.shadergraph
34 silly fetchNamedPackageData com.unity.2d.common
35 silly mapToRegistry name com.unity.2d.common
36 silly mapToRegistry using default registry
37 silly mapToRegistry registry https://registry.npmjs.org/
38 silly mapToRegistry uri https://registry.npmjs.org/com.unity.2d.common
39 silly fetchNamedPackageData com.unity.mathematics
40 silly mapToRegistry name com.unity.mathematics
41 silly mapToRegistry using default registry
42 silly mapToRegistry registry https://registry.npmjs.org/
43 silly mapToRegistry uri https://registry.npmjs.org/com.unity.mathematics
44 verbose request uri https://registry.npmjs.org/com.unity.postprocessing
45 verbose request no auth needed
46 info attempt registry request try #1 at 5:04:28 PM
47 verbose request id a3a1e70f9473e1c8
48 http request GET https://registry.npmjs.org/com.unity.postprocessing
49 verbose request uri https://registry.npmjs.org/com.unity.render-pipelines.core
50 verbose request no auth needed
51 info attempt registry request try #1 at 5:04:28 PM
52 http request GET https://registry.npmjs.org/com.unity.render-pipelines.core
53 verbose request uri https://registry.npmjs.org/com.unity.shadergraph
54 verbose request no auth needed
55 info attempt registry request try #1 at 5:04:28 PM
56 http request GET https://registry.npmjs.org/com.unity.shadergraph
57 verbose request uri https://registry.npmjs.org/com.unity.2d.common
58 verbose request no auth needed
59 info attempt registry request try #1 at 5:04:28 PM
60 http request GET https://registry.npmjs.org/com.unity.2d.common
61 verbose request uri https://registry.npmjs.org/com.unity.mathematics
62 verbose request no auth needed
63 info attempt registry request try #1 at 5:04:28 PM
64 http request GET https://registry.npmjs.org/com.unity.mathematics
65 http 404 https://registry.npmjs.org/com.unity.render-pipelines.core
66 verbose headers { date: 'Wed, 31 Oct 2018 09:04:35 GMT',
66 verbose headers   'content-type': 'application/json',
66 verbose headers   'content-length': '21',
66 verbose headers   connection: 'keep-alive',
66 verbose headers   'set-cookie': [ '__cfduid=d140dbf55d003a1e352037a00286740321540976674; expires=Thu, 31-Oct-19 09:04:34 GMT; path=/; domain=.registry.npmjs.org; HttpOnly' ],
66 verbose headers   'cf-cache-status': 'MISS',
66 verbose headers   'cache-control': 'max-age=300',
66 verbose headers   'cf-ray': '4724f476fb34c36a-SIN',
66 verbose headers   'expect-ct': 'max-age=604800, report-uri="https://report-uri.cloudflare.com/cdn-cgi/beacon/expect-ct"',
66 verbose headers   vary: 'accept-encoding, accept',
66 verbose headers   server: 'cloudflare' }
67 silly get cb [ 404,
67 silly get   { date: 'Wed, 31 Oct 2018 09:04:35 GMT',
67 silly get     'content-type': 'application/json',
67 silly get     'content-length': '21',
67 silly get     connection: 'keep-alive',
67 silly get     'set-cookie': [ '__cfduid=d140dbf55d003a1e352037a00286740321540976674; expires=Thu, 31-Oct-19 09:04:34 GMT; path=/; domain=.registry.npmjs.org; HttpOnly' ],
67 silly get     'cf-cache-status': 'MISS',
67 silly get     'cache-control': 'max-age=300',
67 silly get     'cf-ray': '4724f476fb34c36a-SIN',
67 silly get     'expect-ct': 'max-age=604800, report-uri="https://report-uri.cloudflare.com/cdn-cgi/beacon/expect-ct"',
67 silly get     vary: 'accept-encoding, accept',
67 silly get     server: 'cloudflare' } ]
68 silly fetchPackageMetaData Error: Not found : com.unity.render-pipelines.core
68 silly fetchPackageMetaData     at makeError (C:\Program Files (x86)\Microsoft Visual Studio\2017\Professional\Web\External\node_modules\npm-registry-client\lib\request.js:264:12)
68 silly fetchPackageMetaData     at CachingRegistryClient.<anonymous> (C:\Program Files (x86)\Microsoft Visual Studio\2017\Professional\Web\External\node_modules\npm-registry-client\lib\request.js:252:14)
68 silly fetchPackageMetaData     at Request._callback (C:\Program Files (x86)\Microsoft Visual Studio\2017\Professional\Web\External\node_modules\npm-registry-client\lib\request.js:172:14)
68 silly fetchPackageMetaData     at Request.self.callback (C:\Program Files (x86)\Microsoft Visual Studio\2017\Professional\Web\External\node_modules\request\request.js:344:22)
68 silly fetchPackageMetaData     at emitTwo (events.js:87:13)
68 silly fetchPackageMetaData     at Request.emit (events.js:172:7)
68 silly fetchPackageMetaData     at Request.<anonymous> (C:\Program Files (x86)\Microsoft Visual Studio\2017\Professional\Web\External\node_modules\request\request.js:1239:14)
68 silly fetchPackageMetaData     at emitOne (events.js:82:20)
68 silly fetchPackageMetaData     at Request.emit (events.js:169:7)
68 silly fetchPackageMetaData     at IncomingMessage.<anonymous> (C:\Program Files (x86)\Microsoft Visual Studio\2017\Professional\Web\External\node_modules\request\request.js:1187:12)
68 silly fetchPackageMetaData  error for com.unity.render-pipelines.core@5.1.0-preview { [Error: Not found : com.unity.render-pipelines.core]
68 silly fetchPackageMetaData   pkgid: 'com.unity.render-pipelines.core',
68 silly fetchPackageMetaData   statusCode: 404,
68 silly fetchPackageMetaData   code: 'E404' }
69 http 404 https://registry.npmjs.org/com.unity.mathematics
70 verbose headers { date: 'Wed, 31 Oct 2018 09:04:35 GMT',
70 verbose headers   'content-type': 'application/json',
70 verbose headers   'content-length': '21',
70 verbose headers   connection: 'keep-alive',
70 verbose headers   'set-cookie': [ '__cfduid=dc1439848cd1e9832b57a54f14231c08f1540976674; expires=Thu, 31-Oct-19 09:04:34 GMT; path=/; domain=.registry.npmjs.org; HttpOnly' ],
70 verbose headers   'cf-cache-status': 'MISS',
70 verbose headers   'cache-control': 'max-age=300',
70 verbose headers   'cf-ray': '4724f476edb2c33d-SIN',
70 verbose headers   'expect-ct': 'max-age=604800, report-uri="https://report-uri.cloudflare.com/cdn-cgi/beacon/expect-ct"',
70 verbose headers   vary: 'accept-encoding, accept',
70 verbose headers   server: 'cloudflare' }
71 silly get cb [ 404,
71 silly get   { date: 'Wed, 31 Oct 2018 09:04:35 GMT',
71 silly get     'content-type': 'application/json',
71 silly get     'content-length': '21',
71 silly get     connection: 'keep-alive',
71 silly get     'set-cookie': [ '__cfduid=dc1439848cd1e9832b57a54f14231c08f1540976674; expires=Thu, 31-Oct-19 09:04:34 GMT; path=/; domain=.registry.npmjs.org; HttpOnly' ],
71 silly get     'cf-cache-status': 'MISS',
71 silly get     'cache-control': 'max-age=300',
71 silly get     'cf-ray': '4724f476edb2c33d-SIN',
71 silly get     'expect-ct': 'max-age=604800, report-uri="https://report-uri.cloudflare.com/cdn-cgi/beacon/expect-ct"',
71 silly get     vary: 'accept-encoding, accept',
71 silly get     server: 'cloudflare' } ]
72 silly fetchPackageMetaData Error: Not found : com.unity.mathematics
72 silly fetchPackageMetaData     at makeError (C:\Program Files (x86)\Microsoft Visual Studio\2017\Professional\Web\External\node_modules\npm-registry-client\lib\request.js:264:12)
72 silly fetchPackageMetaData     at CachingRegistryClient.<anonymous> (C:\Program Files (x86)\Microsoft Visual Studio\2017\Professional\Web\External\node_modules\npm-registry-client\lib\request.js:252:14)
72 silly fetchPackageMetaData     at Request._callback (C:\Program Files (x86)\Microsoft Visual Studio\2017\Professional\Web\External\node_modules\npm-registry-client\lib\request.js:172:14)
72 silly fetchPackageMetaData     at Request.self.callback (C:\Program Files (x86)\Microsoft Visual Studio\2017\Professional\Web\External\node_modules\request\request.js:344:22)
72 silly fetchPackageMetaData     at emitTwo (events.js:87:13)
72 silly fetchPackageMetaData     at Request.emit (events.js:172:7)
72 silly fetchPackageMetaData     at Request.<anonymous> (C:\Program Files (x86)\Microsoft Visual Studio\2017\Professional\Web\External\node_modules\request\request.js:1239:14)
72 silly fetchPackageMetaData     at emitOne (events.js:82:20)
72 silly fetchPackageMetaData     at Request.emit (events.js:169:7)
72 silly fetchPackageMetaData     at IncomingMessage.<anonymous> (C:\Program Files (x86)\Microsoft Visual Studio\2017\Professional\Web\External\node_modules\request\request.js:1187:12)
72 silly fetchPackageMetaData  error for com.unity.mathematics@0.0.12-preview.19 { [Error: Not found : com.unity.mathematics] pkgid: 'com.unity.mathematics', statusCode: 404, code: 'E404' }
73 http 404 https://registry.npmjs.org/com.unity.shadergraph
74 verbose headers { date: 'Wed, 31 Oct 2018 09:04:35 GMT',
74 verbose headers   'content-type': 'application/json',
74 verbose headers   'content-length': '21',
74 verbose headers   connection: 'keep-alive',
74 verbose headers   'set-cookie': [ '__cfduid=d7f25c58b10b7e37fa8ed22496b93721a1540976674; expires=Thu, 31-Oct-19 09:04:34 GMT; path=/; domain=.registry.npmjs.org; HttpOnly' ],
74 verbose headers   'cf-cache-status': 'MISS',
74 verbose headers   'cache-control': 'max-age=300',
74 verbose headers   'cf-ray': '4724f476ec1cc31a-SIN',
74 verbose headers   'expect-ct': 'max-age=604800, report-uri="https://report-uri.cloudflare.com/cdn-cgi/beacon/expect-ct"',
74 verbose headers   vary: 'accept-encoding, accept',
74 verbose headers   server: 'cloudflare' }
75 silly get cb [ 404,
75 silly get   { date: 'Wed, 31 Oct 2018 09:04:35 GMT',
75 silly get     'content-type': 'application/json',
75 silly get     'content-length': '21',
75 silly get     connection: 'keep-alive',
75 silly get     'set-cookie': [ '__cfduid=d7f25c58b10b7e37fa8ed22496b93721a1540976674; expires=Thu, 31-Oct-19 09:04:34 GMT; path=/; domain=.registry.npmjs.org; HttpOnly' ],
75 silly get     'cf-cache-status': 'MISS',
75 silly get     'cache-control': 'max-age=300',
75 silly get     'cf-ray': '4724f476ec1cc31a-SIN',
75 silly get     'expect-ct': 'max-age=604800, report-uri="https://report-uri.cloudflare.com/cdn-cgi/beacon/expect-ct"',
75 silly get     vary: 'accept-encoding, accept',
75 silly get     server: 'cloudflare' } ]
76 silly fetchPackageMetaData Error: Not found : com.unity.shadergraph
76 silly fetchPackageMetaData     at makeError (C:\Program Files (x86)\Microsoft Visual Studio\2017\Professional\Web\External\node_modules\npm-registry-client\lib\request.js:264:12)
76 silly fetchPackageMetaData     at CachingRegistryClient.<anonymous> (C:\Program Files (x86)\Microsoft Visual Studio\2017\Professional\Web\External\node_modules\npm-registry-client\lib\request.js:252:14)
76 silly fetchPackageMetaData     at Request._callback (C:\Program Files (x86)\Microsoft Visual Studio\2017\Professional\Web\External\node_modules\npm-registry-client\lib\request.js:172:14)
76 silly fetchPackageMetaData     at Request.self.callback (C:\Program Files (x86)\Microsoft Visual Studio\2017\Professional\Web\External\node_modules\request\request.js:344:22)
76 silly fetchPackageMetaData     at emitTwo (events.js:87:13)
76 silly fetchPackageMetaData     at Request.emit (events.js:172:7)
76 silly fetchPackageMetaData     at Request.<anonymous> (C:\Program Files (x86)\Microsoft Visual Studio\2017\Professional\Web\External\node_modules\request\request.js:1239:14)
76 silly fetchPackageMetaData     at emitOne (events.js:82:20)
76 silly fetchPackageMetaData     at Request.emit (events.js:169:7)
76 silly fetchPackageMetaData     at IncomingMessage.<anonymous> (C:\Program Files (x86)\Microsoft Visual Studio\2017\Professional\Web\External\node_modules\request\request.js:1187:12)
76 silly fetchPackageMetaData  error for com.unity.shadergraph@5.1.0-preview { [Error: Not found : com.unity.shadergraph] pkgid: 'com.unity.shadergraph', statusCode: 404, code: 'E404' }
77 http 404 https://registry.npmjs.org/com.unity.2d.common
78 verbose headers { date: 'Wed, 31 Oct 2018 09:04:35 GMT',
78 verbose headers   'content-type': 'application/json',
78 verbose headers   'content-length': '21',
78 verbose headers   connection: 'keep-alive',
78 verbose headers   'set-cookie': [ '__cfduid=d79a04249352bd52fc39fd12139c72d5c1540976674; expires=Thu, 31-Oct-19 09:04:34 GMT; path=/; domain=.registry.npmjs.org; HttpOnly' ],
78 verbose headers   'cf-cache-status': 'MISS',
78 verbose headers   'cache-control': 'max-age=300',
78 verbose headers   'cf-ray': '4724f476e8a7c32e-SIN',
78 verbose headers   'expect-ct': 'max-age=604800, report-uri="https://report-uri.cloudflare.com/cdn-cgi/beacon/expect-ct"',
78 verbose headers   vary: 'accept-encoding, accept',
78 verbose headers   server: 'cloudflare' }
79 silly get cb [ 404,
79 silly get   { date: 'Wed, 31 Oct 2018 09:04:35 GMT',
79 silly get     'content-type': 'application/json',
79 silly get     'content-length': '21',
79 silly get     connection: 'keep-alive',
79 silly get     'set-cookie': [ '__cfduid=d79a04249352bd52fc39fd12139c72d5c1540976674; expires=Thu, 31-Oct-19 09:04:34 GMT; path=/; domain=.registry.npmjs.org; HttpOnly' ],
79 silly get     'cf-cache-status': 'MISS',
79 silly get     'cache-control': 'max-age=300',
79 silly get     'cf-ray': '4724f476e8a7c32e-SIN',
79 silly get     'expect-ct': 'max-age=604800, report-uri="https://report-uri.cloudflare.com/cdn-cgi/beacon/expect-ct"',
79 silly get     vary: 'accept-encoding, accept',
79 silly get     server: 'cloudflare' } ]
80 silly fetchPackageMetaData Error: Not found : com.unity.2d.common
80 silly fetchPackageMetaData     at makeError (C:\Program Files (x86)\Microsoft Visual Studio\2017\Professional\Web\External\node_modules\npm-registry-client\lib\request.js:264:12)
80 silly fetchPackageMetaData     at CachingRegistryClient.<anonymous> (C:\Program Files (x86)\Microsoft Visual Studio\2017\Professional\Web\External\node_modules\npm-registry-client\lib\request.js:252:14)
80 silly fetchPackageMetaData     at Request._callback (C:\Program Files (x86)\Microsoft Visual Studio\2017\Professional\Web\External\node_modules\npm-registry-client\lib\request.js:172:14)
80 silly fetchPackageMetaData     at Request.self.callback (C:\Program Files (x86)\Microsoft Visual Studio\2017\Professional\Web\External\node_modules\request\request.js:344:22)
80 silly fetchPackageMetaData     at emitTwo (events.js:87:13)
80 silly fetchPackageMetaData     at Request.emit (events.js:172:7)
80 silly fetchPackageMetaData     at Request.<anonymous> (C:\Program Files (x86)\Microsoft Visual Studio\2017\Professional\Web\External\node_modules\request\request.js:1239:14)
80 silly fetchPackageMetaData     at emitOne (events.js:82:20)
80 silly fetchPackageMetaData     at Request.emit (events.js:169:7)
80 silly fetchPackageMetaData     at IncomingMessage.<anonymous> (C:\Program Files (x86)\Microsoft Visual Studio\2017\Professional\Web\External\node_modules\request\request.js:1187:12)
80 silly fetchPackageMetaData  error for com.unity.2d.common@1.0.10-preview { [Error: Not found : com.unity.2d.common] pkgid: 'com.unity.2d.common', statusCode: 404, code: 'E404' }
81 http 404 https://registry.npmjs.org/com.unity.postprocessing
82 verbose headers { date: 'Wed, 31 Oct 2018 09:04:35 GMT',
82 verbose headers   'content-type': 'application/json',
82 verbose headers   'content-length': '21',
82 verbose headers   connection: 'keep-alive',
82 verbose headers   'set-cookie': [ '__cfduid=d3ee757632ef91f472e5664ffcbdecaf21540976674; expires=Thu, 31-Oct-19 09:04:34 GMT; path=/; domain=.registry.npmjs.org; HttpOnly' ],
82 verbose headers   'cf-cache-status': 'MISS',
82 verbose headers   'cache-control': 'max-age=300',
82 verbose headers   'cf-ray': '4724f476ec65c3b5-SIN',
82 verbose headers   'expect-ct': 'max-age=604800, report-uri="https://report-uri.cloudflare.com/cdn-cgi/beacon/expect-ct"',
82 verbose headers   vary: 'accept-encoding, accept',
82 verbose headers   server: 'cloudflare' }
83 silly get cb [ 404,
83 silly get   { date: 'Wed, 31 Oct 2018 09:04:35 GMT',
83 silly get     'content-type': 'application/json',
83 silly get     'content-length': '21',
83 silly get     connection: 'keep-alive',
83 silly get     'set-cookie': [ '__cfduid=d3ee757632ef91f472e5664ffcbdecaf21540976674; expires=Thu, 31-Oct-19 09:04:34 GMT; path=/; domain=.registry.npmjs.org; HttpOnly' ],
83 silly get     'cf-cache-status': 'MISS',
83 silly get     'cache-control': 'max-age=300',
83 silly get     'cf-ray': '4724f476ec65c3b5-SIN',
83 silly get     'expect-ct': 'max-age=604800, report-uri="https://report-uri.cloudflare.com/cdn-cgi/beacon/expect-ct"',
83 silly get     vary: 'accept-encoding, accept',
83 silly get     server: 'cloudflare' } ]
84 silly fetchPackageMetaData Error: Not found : com.unity.postprocessing
84 silly fetchPackageMetaData     at makeError (C:\Program Files (x86)\Microsoft Visual Studio\2017\Professional\Web\External\node_modules\npm-registry-client\lib\request.js:264:12)
84 silly fetchPackageMetaData     at CachingRegistryClient.<anonymous> (C:\Program Files (x86)\Microsoft Visual Studio\2017\Professional\Web\External\node_modules\npm-registry-client\lib\request.js:252:14)
84 silly fetchPackageMetaData     at Request._callback (C:\Program Files (x86)\Microsoft Visual Studio\2017\Professional\Web\External\node_modules\npm-registry-client\lib\request.js:172:14)
84 silly fetchPackageMetaData     at Request.self.callback (C:\Program Files (x86)\Microsoft Visual Studio\2017\Professional\Web\External\node_modules\request\request.js:344:22)
84 silly fetchPackageMetaData     at emitTwo (events.js:87:13)
84 silly fetchPackageMetaData     at Request.emit (events.js:172:7)
84 silly fetchPackageMetaData     at Request.<anonymous> (C:\Program Files (x86)\Microsoft Visual Studio\2017\Professional\Web\External\node_modules\request\request.js:1239:14)
84 silly fetchPackageMetaData     at emitOne (events.js:82:20)
84 silly fetchPackageMetaData     at Request.emit (events.js:169:7)
84 silly fetchPackageMetaData     at IncomingMessage.<anonymous> (C:\Program Files (x86)\Microsoft Visual Studio\2017\Professional\Web\External\node_modules\request\request.js:1187:12)
84 silly fetchPackageMetaData  error for com.unity.postprocessing@2.0.16-preview { [Error: Not found : com.unity.postprocessing]
84 silly fetchPackageMetaData   pkgid: 'com.unity.postprocessing',
84 silly fetchPackageMetaData   statusCode: 404,
84 silly fetchPackageMetaData   code: 'E404' }
85 silly rollbackFailedOptional Starting
86 silly rollbackFailedOptional Finishing
87 silly runTopLevelLifecycles Starting
88 silly runTopLevelLifecycles Finishing
89 silly install printInstalled
90 verbose stack Error: Not found : com.unity.render-pipelines.core
90 verbose stack     at makeError (C:\Program Files (x86)\Microsoft Visual Studio\2017\Professional\Web\External\node_modules\npm-registry-client\lib\request.js:264:12)
90 verbose stack     at CachingRegistryClient.<anonymous> (C:\Program Files (x86)\Microsoft Visual Studio\2017\Professional\Web\External\node_modules\npm-registry-client\lib\request.js:252:14)
90 verbose stack     at Request._callback (C:\Program Files (x86)\Microsoft Visual Studio\2017\Professional\Web\External\node_modules\npm-registry-client\lib\request.js:172:14)
90 verbose stack     at Request.self.callback (C:\Program Files (x86)\Microsoft Visual Studio\2017\Professional\Web\External\node_modules\request\request.js:344:22)
90 verbose stack     at emitTwo (events.js:87:13)
90 verbose stack     at Request.emit (events.js:172:7)
90 verbose stack     at Request.<anonymous> (C:\Program Files (x86)\Microsoft Visual Studio\2017\Professional\Web\External\node_modules\request\request.js:1239:14)
90 verbose stack     at emitOne (events.js:82:20)
90 verbose stack     at Request.emit (events.js:169:7)
90 verbose stack     at IncomingMessage.<anonymous> (C:\Program Files (x86)\Microsoft Visual Studio\2017\Professional\Web\External\node_modules\request\request.js:1187:12)
91 verbose statusCode 404
92 verbose pkgid com.unity.render-pipelines.core
93 verbose cwd C:\Users\Chris Chu\Documents\Projects\SRP\com.unity.render-pipelines.lightweight
94 error Windows_NT 10.0.17134
95 error argv "C:\\Program Files (x86)\\Microsoft Visual Studio\\2017\\Professional\\Web\\External\\Node.exe" "C:\\Program Files (x86)\\Microsoft Visual Studio\\2017\\Professional\\Web\\External\\node_modules\\npm\\bin\\npm-cli.js" "install"
96 error node v5.4.1
97 error npm  v3.3.4
98 error code E404
99 error 404 Not found : com.unity.render-pipelines.core
99 error 404
99 error 404 'com.unity.render-pipelines.core' is not in the npm registry.
99 error 404 You should bug the author to publish it (or use the name yourself!)
99 error 404 It was specified as a dependency of 'com.unity.render-pipelines.lightweight'
99 error 404
99 error 404 Note that you can also install from a
99 error 404 tarball, folder, http url, or git url.
100 verbose exit [ 1, true ]
